<?xml version="1.0" encoding="UTF-8"?>
<testsuite xmlns:xsi="http://www.w3.org/2001/XMLSchema-instance" xsi:noNamespaceSchemaLocation="https://maven.apache.org/surefire/maven-surefire-plugin/xsd/surefire-test-report.xsd" name="com.demoqa.BooksTest" time="6.071" tests="3" errors="0" skipped="0" failures="0">
  <properties>
[...]
</properties>
  <testcase name="validateIsbnPresent" classname="com.demoqa.BooksTest" time="3.756"/>
  <testcase name="validateBooksJsonSchema" classname="com.demoqa.BooksTest" time="1.343"/>
  <testcase name="validateNumberOfBookCount" classname="com.demoqa.BooksTest" time="0.93"/>
</testsuite>